/home/troy0/OneDrive/Personal/Desktop/Uni Work/Advanced Robotics/Assignment 2/a2robot/install/a2robot/lib/python3.10/site-packages/a2robot/__init__.py
/home/troy0/OneDrive/Personal/Desktop/Uni Work/Advanced Robotics/Assignment 2/a2robot/install/a2robot/lib/python3.10/site-packages/a2robot/arduinoControl.py
/home/troy0/OneDrive/Personal/Desktop/Uni Work/Advanced Robotics/Assignment 2/a2robot/install/a2robot/lib/python3.10/site-packages/a2robot/camera.py
/home/troy0/OneDrive/Personal/Desktop/Uni Work/Advanced Robotics/Assignment 2/a2robot/install/a2robot/lib/python3.10/site-packages/a2robot/detectImage.py
/home/troy0/OneDrive/Personal/Desktop/Uni Work/Advanced Robotics/Assignment 2/a2robot/install/a2robot/lib/python3.10/site-packages/a2robot/__pycache__/__init__.cpython-310.pyc
/home/troy0/OneDrive/Personal/Desktop/Uni Work/Advanced Robotics/Assignment 2/a2robot/install/a2robot/lib/python3.10/site-packages/a2robot/__pycache__/arduinoControl.cpython-310.pyc
/home/troy0/OneDrive/Personal/Desktop/Uni Work/Advanced Robotics/Assignment 2/a2robot/install/a2robot/lib/python3.10/site-packages/a2robot/__pycache__/camera.cpython-310.pyc
/home/troy0/OneDrive/Personal/Desktop/Uni Work/Advanced Robotics/Assignment 2/a2robot/install/a2robot/lib/python3.10/site-packages/a2robot/__pycache__/detectImage.cpython-310.pyc
/home/troy0/OneDrive/Personal/Desktop/Uni Work/Advanced Robotics/Assignment 2/a2robot/install/a2robot/share/ament_index/resource_index/packages/a2robot
/home/troy0/OneDrive/Personal/Desktop/Uni Work/Advanced Robotics/Assignment 2/a2robot/install/a2robot/share/a2robot/package.xml
/home/troy0/OneDrive/Personal/Desktop/Uni Work/Advanced Robotics/Assignment 2/a2robot/install/a2robot/share/a2robot/launch/robot_launch.yaml
/home/troy0/OneDrive/Personal/Desktop/Uni Work/Advanced Robotics/Assignment 2/a2robot/install/a2robot/lib/python3.10/site-packages/a2robot-0.0.0-py3.10.egg-info/PKG-INFO
/home/troy0/OneDrive/Personal/Desktop/Uni Work/Advanced Robotics/Assignment 2/a2robot/install/a2robot/lib/python3.10/site-packages/a2robot-0.0.0-py3.10.egg-info/zip-safe
/home/troy0/OneDrive/Personal/Desktop/Uni Work/Advanced Robotics/Assignment 2/a2robot/install/a2robot/lib/python3.10/site-packages/a2robot-0.0.0-py3.10.egg-info/dependency_links.txt
/home/troy0/OneDrive/Personal/Desktop/Uni Work/Advanced Robotics/Assignment 2/a2robot/install/a2robot/lib/python3.10/site-packages/a2robot-0.0.0-py3.10.egg-info/entry_points.txt
/home/troy0/OneDrive/Personal/Desktop/Uni Work/Advanced Robotics/Assignment 2/a2robot/install/a2robot/lib/python3.10/site-packages/a2robot-0.0.0-py3.10.egg-info/requires.txt
/home/troy0/OneDrive/Personal/Desktop/Uni Work/Advanced Robotics/Assignment 2/a2robot/install/a2robot/lib/python3.10/site-packages/a2robot-0.0.0-py3.10.egg-info/top_level.txt
/home/troy0/OneDrive/Personal/Desktop/Uni Work/Advanced Robotics/Assignment 2/a2robot/install/a2robot/lib/python3.10/site-packages/a2robot-0.0.0-py3.10.egg-info/SOURCES.txt
/home/troy0/OneDrive/Personal/Desktop/Uni Work/Advanced Robotics/Assignment 2/a2robot/install/a2robot/lib/a2robot/ai
/home/troy0/OneDrive/Personal/Desktop/Uni Work/Advanced Robotics/Assignment 2/a2robot/install/a2robot/lib/a2robot/arduino
/home/troy0/OneDrive/Personal/Desktop/Uni Work/Advanced Robotics/Assignment 2/a2robot/install/a2robot/lib/a2robot/camera
